[debug] [2021-11-11T19:56:40.964Z] ----------------------------------------------------------------------
[debug] [2021-11-11T19:56:40.970Z] Command:       C:\Program Files\nodejs\node.exe C:\Users\NUBA\AppData\Roaming\npm\node_modules\firebase-tools\lib\bin\firebase.js deploy
[debug] [2021-11-11T19:56:40.971Z] CLI Version:   9.16.0
[debug] [2021-11-11T19:56:40.972Z] Platform:      win32
[debug] [2021-11-11T19:56:40.972Z] Node Version:  v14.17.3
[debug] [2021-11-11T19:56:41.027Z] Time:          Thu Nov 11 2021 13:56:40 GMT-0600 (hora estándar central)
[debug] [2021-11-11T19:56:41.028Z] ----------------------------------------------------------------------
[debug] 
[debug] [2021-11-11T19:56:41.053Z] >>> [apiv2][query] GET https://firebase-public.firebaseio.com/cli.json [none]
[debug] [2021-11-11T19:56:41.281Z] > command requires scopes: ["email","openid","https://www.googleapis.com/auth/cloudplatformprojects.readonly","https://www.googleapis.com/auth/firebase","https://www.googleapis.com/auth/cloud-platform"]
[debug] [2021-11-11T19:56:41.282Z] > authorizing via signed-in user (alex@agencianuba.com)
[debug] [2021-11-11T19:56:41.282Z] [iam] checking project chessjs-2dcfc for permissions ["firebase.projects.get","firebasedatabase.instances.update","firebasehosting.sites.update"]
[debug] [2021-11-11T19:56:41.285Z] > refreshing access token with scopes: ["email","https://www.googleapis.com/auth/cloud-platform","https://www.googleapis.com/auth/cloudplatformprojects.readonly","https://www.googleapis.com/auth/firebase","openid"]
[debug] [2021-11-11T19:56:41.286Z] >>> HTTP REQUEST POST https://www.googleapis.com/oauth2/v3/token  
 <request body omitted>
[debug] [2021-11-11T19:56:41.991Z] <<< [apiv2][status] GET https://firebase-public.firebaseio.com/cli.json 200
[debug] [2021-11-11T19:56:41.991Z] <<< [apiv2][body] GET https://firebase-public.firebaseio.com/cli.json {"cloudBuildErrorAfter":1594252800000,"cloudBuildWarnAfter":1590019200000,"defaultNode10After":1594252800000,"minVersion":"3.0.5","node8DeploysDisabledAfter":1613390400000,"node8RuntimeDisabledAfter":1615809600000,"node8WarnAfter":1600128000000}
[debug] [2021-11-11T19:56:42.083Z] <<< HTTP RESPONSE 200 {"cache-control":"no-cache, no-store, max-age=0, must-revalidate","pragma":"no-cache","date":"Thu, 11 Nov 2021 19:56:41 GMT","expires":"Mon, 01 Jan 1990 00:00:00 GMT","content-type":"application/json; charset=utf-8","vary":"X-Origin, Referer, Origin,Accept-Encoding","server":"scaffolding on HTTPServer2","x-xss-protection":"0","x-frame-options":"SAMEORIGIN","x-content-type-options":"nosniff","alt-svc":"h3=\":443\"; ma=2592000,h3-29=\":443\"; ma=2592000,h3-Q050=\":443\"; ma=2592000,h3-Q046=\":443\"; ma=2592000,h3-Q043=\":443\"; ma=2592000,quic=\":443\"; ma=2592000; v=\"46,43\"","accept-ranges":"none","transfer-encoding":"chunked"}
[debug] [2021-11-11T19:56:42.221Z] >>> HTTP REQUEST POST https://cloudresourcemanager.googleapis.com/v1/projects/chessjs-2dcfc:testIamPermissions  
 {"permissions":["firebase.projects.get","firebasedatabase.instances.update","firebasehosting.sites.update"]}
[debug] [2021-11-11T19:56:42.832Z] <<< HTTP RESPONSE 200 {"content-type":"application/json; charset=UTF-8","vary":"X-Origin, Referer, Origin,Accept-Encoding","date":"Thu, 11 Nov 2021 19:56:42 GMT","server":"ESF","cache-control":"private","x-xss-protection":"0","x-frame-options":"SAMEORIGIN","x-content-type-options":"nosniff","server-timing":"gfet4t7; dur=223","alt-svc":"h3=\":443\"; ma=2592000,h3-29=\":443\"; ma=2592000,h3-Q050=\":443\"; ma=2592000,h3-Q046=\":443\"; ma=2592000,h3-Q043=\":443\"; ma=2592000,quic=\":443\"; ma=2592000; v=\"46,43\"","accept-ranges":"none","transfer-encoding":"chunked"}
[debug] [2021-11-11T19:56:42.834Z] > refreshing access token with scopes: []
[debug] [2021-11-11T19:56:42.834Z] >>> HTTP REQUEST POST https://www.googleapis.com/oauth2/v3/token  
 <request body omitted>
[debug] [2021-11-11T19:56:43.115Z] <<< HTTP RESPONSE 200 {"expires":"Mon, 01 Jan 1990 00:00:00 GMT","date":"Thu, 11 Nov 2021 19:56:42 GMT","cache-control":"no-cache, no-store, max-age=0, must-revalidate","pragma":"no-cache","content-type":"application/json; charset=utf-8","vary":"X-Origin, Referer, Origin,Accept-Encoding","server":"scaffolding on HTTPServer2","x-xss-protection":"0","x-frame-options":"SAMEORIGIN","x-content-type-options":"nosniff","alt-svc":"h3=\":443\"; ma=2592000,h3-29=\":443\"; ma=2592000,h3-Q050=\":443\"; ma=2592000,h3-Q046=\":443\"; ma=2592000,h3-Q043=\":443\"; ma=2592000,quic=\":443\"; ma=2592000; v=\"46,43\"","accept-ranges":"none","transfer-encoding":"chunked"}
[debug] [2021-11-11T19:56:43.346Z] >>> [apiv2][query] GET https://firebase.googleapis.com/v1beta1/projects/chessjs-2dcfc [none]
[debug] [2021-11-11T19:56:43.758Z] <<< [apiv2][status] GET https://firebase.googleapis.com/v1beta1/projects/chessjs-2dcfc 200
[debug] [2021-11-11T19:56:43.759Z] <<< [apiv2][body] GET https://firebase.googleapis.com/v1beta1/projects/chessjs-2dcfc {"projectId":"chessjs-2dcfc","projectNumber":"956455284581","displayName":"chessjs","name":"projects/chessjs-2dcfc","resources":{"hostingSite":"chessjs-2dcfc","realtimeDatabaseInstance":"chessjs-2dcfc-default-rtdb"},"state":"ACTIVE"}
[debug] [2021-11-11T19:56:43.760Z] >>> [apiv2][query] GET https://firebase.googleapis.com/v1beta1/projects/chessjs-2dcfc [none]
[debug] [2021-11-11T19:57:00.524Z] <<< [apiv2][status] GET https://firebase.googleapis.com/v1beta1/projects/chessjs-2dcfc 503
[debug] [2021-11-11T19:57:00.524Z] <<< [apiv2][body] GET https://firebase.googleapis.com/v1beta1/projects/chessjs-2dcfc {"error":{"code":503,"message":"Deadline exceeded from RTDB Metadata Server.","status":"UNAVAILABLE"}}
[debug] [2021-11-11T19:57:00.526Z] HTTP Error: 503, Deadline exceeded from RTDB Metadata Server.
[debug] [2021-11-11T19:57:00.860Z] FirebaseError: HTTP Error: 503, Deadline exceeded from RTDB Metadata Server.
    at module.exports (C:\Users\NUBA\AppData\Roaming\npm\node_modules\firebase-tools\lib\responseToError.js:38:12)
    at Client.doRequest (C:\Users\NUBA\AppData\Roaming\npm\node_modules\firebase-tools\lib\apiv2.js:238:23)
    at processTicksAndRejections (internal/process/task_queues.js:95:5)
    at async Client.request (C:\Users\NUBA\AppData\Roaming\npm\node_modules\firebase-tools\lib\apiv2.js:96:20)
    at async Object.getFirebaseProject (C:\Users\NUBA\AppData\Roaming\npm\node_modules\firebase-tools\lib\management\projects.js:290:21)
    at async Object.getDefaultHostingSite (C:\Users\NUBA\AppData\Roaming\npm\node_modules\firebase-tools\lib\getDefaultHostingSite.js:8:21)
    at async requireHostingSite (C:\Users\NUBA\AppData\Roaming\npm\node_modules\firebase-tools\lib\requireHostingSite.js:9:18)
    at async Object.fn (C:\Users\NUBA\AppData\Roaming\npm\node_modules\firebase-tools\lib\commands\deploy.js:65:9)
    at async C:\Users\NUBA\AppData\Roaming\npm\node_modules\firebase-tools\lib\command.js:169:17
[error] 
[error] Error: Failed to get Firebase project chessjs-2dcfc. Please make sure the project exists and your account has permission to access it.
